#
# There is insufficient memory for the Java Runtime Environment to continue.
# Native memory allocation (mmap) failed to map 264241152 bytes for G1 virtual space
# Possible reasons:
#   The system is out of physical RAM or swap space
#   The process is running with CompressedOops enabled, and the Java Heap may be blocking the growth of the native heap
# Possible solutions:
#   Reduce memory load on the system
#   Increase physical memory or swap space
#   Check if swap backing store is full
#   Decrease Java heap size (-Xmx/-Xms)
#   Decrease number of Java threads
#   Decrease Java thread stack sizes (-Xss)
#   Set larger code cache with -XX:ReservedCodeCacheSize=
#   JVM is running with Zero Based Compressed Oops mode in which the Java heap is
#     placed in the first 32GB address space. The Java Heap base address is the
#     maximum limit for the native heap growth. Please use -XX:HeapBaseMinAddress
#     to set the Java Heap base and to place the Java Heap above 32GB virtual address.
# This output file may be truncated or incomplete.
#
#  Out of Memory Error (os_windows.cpp:3541), pid=2880, tid=5996
#
# JRE version:  (17.0.5+9) (build )
# Java VM: Java HotSpot(TM) 64-Bit Server VM (17.0.5+9-LTS-191, mixed mode, emulated-client, sharing, tiered, compressed oops, compressed class ptrs, g1 gc, windows-amd64)
# No core dump will be written. Minidumps are not enabled by default on client versions of Windows
#

---------------  S U M M A R Y ------------

Command Line: -XX:TieredStopAtLevel=1 -Dspring.output.ansi.enabled=always -Dcom.sun.management.jmxremote -Dspring.jmx.enabled=true -Dspring.liveBeansView.mbeanDomain -Dspring.application.admin.enabled=true -Dmanagement.endpoints.jmx.exposure.include=* -javaagent:C:\Program Files\JetBrains\IntelliJ IDEA 2024.3.1.1\lib\idea_rt.jar=49774:C:\Program Files\JetBrains\IntelliJ IDEA 2024.3.1.1\bin -Dfile.encoding=UTF-8 dec.haeyum.HaeyumApplication

Host: 11th Gen Intel(R) Core(TM) i5-1135G7 @ 2.40GHz, 8 cores, 15G,  Windows 11 , 64 bit Build 22621 (10.0.22621.4391)
Time: Tue Jan  7 01:47:19 2025  Windows 11 , 64 bit Build 22621 (10.0.22621.4391) elapsed time: 0.074307 seconds (0d 0h 0m 0s)

---------------  T H R E A D  ---------------

Current thread (0x000001d809133510):  JavaThread "Unknown thread" [_thread_in_vm, id=5996, stack(0x00000070a8000000,0x00000070a8100000)]

Stack: [0x00000070a8000000,0x00000070a8100000]
Native frames: (J=compiled Java code, j=interpreted, Vv=VM code, C=native code)
V  [jvm.dll+0x672eea]
V  [jvm.dll+0x7d2a04]
V  [jvm.dll+0x7d41ae]
V  [jvm.dll+0x7d4813]
V  [jvm.dll+0x242c15]
V  [jvm.dll+0x66fe09]
V  [jvm.dll+0x664682]
V  [jvm.dll+0x300e8b]
V  [jvm.dll+0x308426]
V  [jvm.dll+0x357ffe]
V  [jvm.dll+0x35822f]
V  [jvm.dll+0x2d80a8]
V  [jvm.dll+0x2d9014]
V  [jvm.dll+0x7a44e1]
V  [jvm.dll+0x365df1]
V  [jvm.dll+0x7838fc]
V  [jvm.dll+0x3e873f]
V  [jvm.dll+0x3ea1e1]
C  [jli.dll+0x527b]
C  [ucrtbase.dll+0x29333]
C  [KERNEL32.DLL+0x1259d]
C  [ntdll.dll+0x5af38]


---------------  P R O C E S S  ---------------

Threads class SMR info:
_java_thread_list=0x00007ffecc6aa8d8, length=0, elements={
}

Java Threads: ( => current thread )

Other Threads:
  0x000001d80919f560 GCTaskThread "GC Thread#0" [stack: 0x00000070a8100000,0x00000070a8200000] [id=22812]
  0x000001d8091b0f70 ConcurrentGCThread "G1 Main Marker" [stack: 0x00000070a8200000,0x00000070a8300000] [id=2948]
  0x000001d8091b2890 ConcurrentGCThread "G1 Conc#0" [stack: 0x00000070a8300000,0x00000070a8400000] [id=15600]

[error occurred during error reporting (printing all threads), id 0xc0000005, EXCEPTION_ACCESS_VIOLATION (0xc0000005) at pc=0x00007ffecbef8a97]

VM state: not at safepoint (not fully initialized)

VM Mutex/Monitor currently owned by a thread:  ([mutex/lock_event])
[0x000001d80912f1f0] Heap_lock - owner thread: 0x000001d809133510

Heap address: 0x0000000704400000, size: 4028 MB, Compressed Oops mode: Zero based, Oop shift amount: 3

CDS archive(s) mapped at: [0x0000000000000000-0x0000000000000000-0x0000000000000000), size 0, SharedBaseAddress: 0x0000000800000000, ArchiveRelocationMode: 0.
Narrow klass base: 0x0000000000000000, Narrow klass shift: 0, Narrow klass range: 0x0

GC Precious Log:
<Empty>

Heap:
 garbage-first heap   total 0K, used 0K [0x0000000704400000, 0x0000000800000000)
  region size 2048K, 0 young (0K), 0 survivors (0K)

[error occurred during error reporting (printing heap information), id 0xc0000005, EXCEPTION_ACCESS_VIOLATION (0xc0000005) at pc=0x00007ffecc2dc399]

GC Heap History (0 events):
No events

Deoptimization events (0 events):
No events

Classes unloaded (0 events):
No events

Classes redefined (0 events):
No events

Internal exceptions (0 events):
No events

VM Operations (0 events):
No events

Events (1 events):
Event: 0.062 Loaded shared library C:\Program Files\Java\jdk-17.0.5\bin\java.dll


Dynamic libraries:
0x00007ff7bbff0000 - 0x00007ff7bc000000 	C:\Program Files\Java\jdk-17.0.5\bin\java.exe
0x00007fff36dd0000 - 0x00007fff36fe7000 	C:\WINDOWS\SYSTEM32\ntdll.dll
0x00007fff367c0000 - 0x00007fff36884000 	C:\WINDOWS\System32\KERNEL32.DLL
0x00007fff340a0000 - 0x00007fff3445a000 	C:\WINDOWS\System32\KERNELBASE.dll
0x00007fff34890000 - 0x00007fff349a1000 	C:\WINDOWS\System32\ucrtbase.dll
0x00007fff2cb60000 - 0x00007fff2cb7a000 	C:\Program Files\Java\jdk-17.0.5\bin\VCRUNTIME140.dll
0x00007fff2cb80000 - 0x00007fff2cb98000 	C:\Program Files\Java\jdk-17.0.5\bin\jli.dll
0x00007fff36470000 - 0x00007fff36522000 	C:\WINDOWS\System32\ADVAPI32.dll
0x00007fff36ad0000 - 0x00007fff36b77000 	C:\WINDOWS\System32\msvcrt.dll
0x00007fff36640000 - 0x00007fff366e7000 	C:\WINDOWS\System32\sechost.dll
0x00007fff347c0000 - 0x00007fff347e8000 	C:\WINDOWS\System32\bcrypt.dll
0x00007fff34bb0000 - 0x00007fff34cc4000 	C:\WINDOWS\System32\RPCRT4.dll
0x00007fff36890000 - 0x00007fff36a3e000 	C:\WINDOWS\System32\USER32.dll
0x00007fff345a0000 - 0x00007fff345c6000 	C:\WINDOWS\System32\win32u.dll
0x00007fff17be0000 - 0x00007fff17e72000 	C:\WINDOWS\WinSxS\amd64_microsoft.windows.common-controls_6595b64144ccf1df_6.0.22621.4541_none_2710d1c57384c085\COMCTL32.dll
0x00007fff36be0000 - 0x00007fff36c09000 	C:\WINDOWS\System32\GDI32.dll
0x00007fff349b0000 - 0x00007fff34acb000 	C:\WINDOWS\System32\gdi32full.dll
0x00007fff347f0000 - 0x00007fff3488a000 	C:\WINDOWS\System32\msvcp_win.dll
0x00007fff2c700000 - 0x00007fff2c70a000 	C:\WINDOWS\SYSTEM32\VERSION.dll
0x00007fff36430000 - 0x00007fff36461000 	C:\WINDOWS\System32\IMM32.DLL
0x00007fff30750000 - 0x00007fff3075c000 	C:\Program Files\Java\jdk-17.0.5\bin\vcruntime140_1.dll
0x00007fff0af70000 - 0x00007fff0affd000 	C:\Program Files\Java\jdk-17.0.5\bin\msvcp140.dll
0x00007ffecbc10000 - 0x00007ffecc7d2000 	C:\Program Files\Java\jdk-17.0.5\bin\server\jvm.dll
0x00007fff366f0000 - 0x00007fff366f8000 	C:\WINDOWS\System32\PSAPI.DLL
0x00007fff309b0000 - 0x00007fff309b9000 	C:\WINDOWS\SYSTEM32\WSOCK32.dll
0x00007fff2f990000 - 0x00007fff2f9c4000 	C:\WINDOWS\SYSTEM32\WINMM.dll
0x00007fff35720000 - 0x00007fff35791000 	C:\WINDOWS\System32\WS2_32.dll
0x00007fff330a0000 - 0x00007fff330b8000 	C:\WINDOWS\SYSTEM32\kernel.appcore.dll
0x00007fff2cb50000 - 0x00007fff2cb5a000 	C:\Program Files\Java\jdk-17.0.5\bin\jimage.dll
0x00007fff314b0000 - 0x00007fff316e2000 	C:\WINDOWS\SYSTEM32\DBGHELP.DLL
0x00007fff35e80000 - 0x00007fff3620f000 	C:\WINDOWS\System32\combase.dll
0x00007fff34ad0000 - 0x00007fff34ba7000 	C:\WINDOWS\System32\OLEAUT32.dll
0x00007fff275c0000 - 0x00007fff275f2000 	C:\WINDOWS\SYSTEM32\dbgcore.DLL
0x00007fff345d0000 - 0x00007fff3464b000 	C:\WINDOWS\System32\bcryptPrimitives.dll
0x00007fff1fca0000 - 0x00007fff1fcae000 	C:\Program Files\Java\jdk-17.0.5\bin\instrument.dll
0x00007fff1ebf0000 - 0x00007fff1ec15000 	C:\Program Files\Java\jdk-17.0.5\bin\java.dll

dbghelp: loaded successfully - version: 4.0.5 - missing functions: none
symbol engine: initialized successfully - sym options: 0x614 - pdb path: .;C:\Program Files\Java\jdk-17.0.5\bin;C:\WINDOWS\SYSTEM32;C:\WINDOWS\WinSxS\amd64_microsoft.windows.common-controls_6595b64144ccf1df_6.0.22621.4541_none_2710d1c57384c085;C:\Program Files\Java\jdk-17.0.5\bin\server

VM Arguments:
jvm_args: -XX:TieredStopAtLevel=1 -Dspring.output.ansi.enabled=always -Dcom.sun.management.jmxremote -Dspring.jmx.enabled=true -Dspring.liveBeansView.mbeanDomain -Dspring.application.admin.enabled=true -Dmanagement.endpoints.jmx.exposure.include=* -javaagent:C:\Program Files\JetBrains\IntelliJ IDEA 2024.3.1.1\lib\idea_rt.jar=49774:C:\Program Files\JetBrains\IntelliJ IDEA 2024.3.1.1\bin -Dfile.encoding=UTF-8 
java_command: dec.haeyum.HaeyumApplication
java_class_path (initial): C:\Users\kimha\«œ¡¯\«ÿ¿≥\haeyum-server\build\classes\java\main;C:\Users\kimha\«œ¡¯\«ÿ¿≥\haeyum-server\build\resources\main;C:\Users\kimha\.gradle\caches\modules-2\files-2.1\org.projectlombok\lombok\1.18.36\5a30490a6e14977d97d9c73c924c1f1b5311ea95\lombok-1.18.36.jar;C:\Users\kimha\.gradle\caches\modules-2\files-2.1\org.jsoup\jsoup\1.16.1\ae551410a16433984cd4a8603622fafa9d8299f0\jsoup-1.16.1.jar;C:\Users\kimha\.gradle\caches\modules-2\files-2.1\org.springframework.boot\spring-boot-starter-webflux\3.4.1\9d5a081abed454d604c2bbf2ba603f74882e1443\spring-boot-starter-webflux-3.4.1.jar;C:\Users\kimha\.gradle\caches\modules-2\files-2.1\io.netty\netty-resolver-dns-native-macos\4.1.97.Final\3deb63c260ce0459cec715df240eee38214451c2\netty-resolver-dns-native-macos-4.1.97.Final-osx-aarch_64.jar;C:\Users\kimha\.gradle\caches\modules-2\files-2.1\io.netty\netty-resolver-dns-native-macos\4.1.97.Final\35a44e98cda1fec620dc336c6f8b3f44fa9b654d\netty-resolver-dns-native-macos-4.1.97.Final-osx-x86_64.jar;C:\Users\kimha\.gradle\caches\modules-2\files-2.1\org.springframework.boot\spring-boot-starter-data-jpa\3.4.1\f06be4354c339f3f880a5c66a6913cd2366eb225\spring-boot-starter-data-jpa-3.4.1.jar;C:\Users\kimha\.gradle\caches\modules-2\files-2.1\org.springframework.boot\spring-boot-starter-validation\3.4.1\7b9baa79c886e362dc14764fc3b0983b607be1f5\spring-boot-starter-validation-3.4.1.jar;C:\Users\kimha\.gradle\caches\modules-2\files-2.1\org.springframework.boot\spring-boot-starter-websocket\3.4.1\88c26a89cce79ed23c782620238f6f222ebf4848\spring-boot-starter-websocket-3.4.1.jar;C:\Users\kimha\.gradle\caches\modules-2\files-2.1\org.springframework.boot\spring-boot-starter-web\3.4.1\ff7227fc62338e0f6eba3f9f94c12eb952d4da95\spring-boot-starter-web-3.4.1.jar;C:\Users\kimha\.gradle\caches\modules-2\files-2.1\org.springdoc\springdoc-openapi-starter-webmvc-ui\2.7.0\4426174e7fa7428a1c5f2edbd352c89e3e6b9794\springdoc-openapi-starter-webmvc-ui-2.7.0.jar;C:\Users\kimha\.gradle\ca
Launcher Type: SUN_STANDARD

[Global flags]
     intx CICompilerCount                          = 4                                         {product} {ergonomic}
     uint ConcGCThreads                            = 2                                         {product} {ergonomic}
     uint G1ConcRefinementThreads                  = 8                                         {product} {ergonomic}
   size_t G1HeapRegionSize                         = 2097152                                   {product} {ergonomic}
    uintx GCDrainStackTargetSize                   = 64                                        {product} {ergonomic}
   size_t InitialHeapSize                          = 264241152                                 {product} {ergonomic}
     bool ManagementServer                         = true                                      {product} {command line}
   size_t MarkStackSize                            = 4194304                                   {product} {ergonomic}
   size_t MaxHeapSize                              = 4223664128                                {product} {ergonomic}
   size_t MinHeapDeltaBytes                        = 2097152                                   {product} {ergonomic}
   size_t MinHeapSize                              = 8388608                                   {product} {ergonomic}
    uintx NonProfiledCodeHeapSize                  = 0                                      {pd product} {ergonomic}
     bool ProfileInterpreter                       = false                                  {pd product} {command line}
    uintx ProfiledCodeHeapSize                     = 0                                      {pd product} {ergonomic}
   size_t SoftMaxHeapSize                          = 4223664128                             {manageable} {ergonomic}
     intx TieredStopAtLevel                        = 1                                         {product} {command line}
     bool UseCompressedClassPointers               = true                           {product lp64_product} {ergonomic}
     bool UseCompressedOops                        = true                           {product lp64_product} {ergonomic}
     bool UseG1GC                                  = true                                      {product} {ergonomic}
     bool UseLargePagesIndividualAllocation        = false                                  {pd product} {ergonomic}

Logging:
Log output configuration:
 #0: stdout all=warning uptime,level,tags
 #1: stderr all=off uptime,level,tags

Environment Variables:
JAVA_HOME=C:\Program Files\Java\jdk-17.0.5
PATH=C:\Program Files (x86)\VMware\VMware Workstation\bin\;C:\Program Files\Common Files\Oracle\Java\javapath;C:\WINDOWS\system32;C:\WINDOWS;C:\WINDOWS\System32\Wbem;C:\WINDOWS\System32\WindowsPowerShell\v1.0\;C:\WINDOWS\System32\OpenSSH\;C:\Users\kimha\AppData\Roaming\nvm;C:\Program Files\nodejs;C:\Program Files\Microsoft VS Code\bin;C:\Program Files\Java\jdk-17.0.5\bin;C:\Program Files\Git\cmd;C:\Program Files\MySQL\MySQL Server 8.0\bin;C:\Program Files (x86)\NetSarang\Xshell 7\;C:\MinGW\bin;C:\MinGW\msys\1.0\bin;C:\APM\php8;C:\Program Files\MySQL\MySQL Server 8.0\bin;C:\Program Files\Redis\;C:\Program Files\nodejs\;C:\Program Files\Docker\Docker\resources\bin;C:\Users\kimha\anaconda3;C:\Users\kimha\anaconda3\Library\mingw-w64\bin;C:\Users\kimha\anaconda3\Library\usr\bin;C:\Users\kimha\anaconda3\Library\bin;C:\Users\kimha\anaconda3\Scripts;C:\Ruby31-x64\bin;C:\Users\kimha\AppData\Local\Programs\Python\Python39\Scripts\;C:\Users\kimha\AppData\Local\Programs\Python\Python39\;C:\Users\kimha\AppData\Local\Microsoft\WindowsApps;C:\Program Files\JetBrains\PyCharm Community Edition 2021.3.2\bin;C:\Users\kimha\AppData\Roaming\nvm;C:\Program Files\nodejs;C:\Program Files\Git\cmd;C:\Users\kimha\AppData\Local\Microsoft\WindowsApps;C:\Users\kimha\AppData\Roaming\npm;C:\Program Files\JetBrains\IntelliJ IDEA 2024.3.1.1\bin;
USERNAME=kimha
OS=Windows_NT
PROCESSOR_IDENTIFIER=Intel64 Family 6 Model 140 Stepping 1, GenuineIntel



---------------  S Y S T E M  ---------------

OS:
 Windows 11 , 64 bit Build 22621 (10.0.22621.4391)
OS uptime: 0 days 4:26 hours
Hyper-V role detected

CPU: total 8 (initial active 8) (4 cores per cpu, 2 threads per core) family 6 model 140 stepping 1 microcode 0x8a, cx8, cmov, fxsr, ht, mmx, 3dnowpref, sse, sse2, sse3, ssse3, sse4.1, sse4.2, popcnt, lzcnt, tsc, tscinvbit, avx, avx2, aes, erms, clmul, bmi1, bmi2, adx, avx512f, avx512dq, avx512cd, avx512bw, avx512vl, sha, fma, vzeroupper, avx512_vpopcntdq, avx512_vpclmulqdq, avx512_vaes, avx512_vnni, clflush, clflushopt, clwb, avx512_vbmi2, avx512_vbmi, hv

Memory: 4k page, system-wide physical 16108M (1883M free)
TotalPageFile size 18010M (AvailPageFile size 192M)
current process WorkingSet (physical memory assigned to process): 11M, peak: 11M
current process commit charge ("private bytes"): 55M, peak: 307M

vm_info: Java HotSpot(TM) 64-Bit Server VM (17.0.5+9-LTS-191) for windows-amd64 JRE (17.0.5+9-LTS-191), built on Sep 13 2022 17:31:43 by "mach5one" with MS VC++ 16.8 / 16.9 (VS2019)

END.
